Running: C:\Xilinx\14.7\ISE_DS\ISE\bin\nt64\unwrapped\fuse.exe -intstyle ise -incremental -lib unisims_ver -lib unimacro_ver -lib xilinxcorelib_ver -lib secureip -o C:/Xilinx/New folder/ArithmeticLogicUnit/ALUT_isim_beh.exe -prj C:/Xilinx/New folder/ArithmeticLogicUnit/ALUT_beh.prj work.ALUT work.glbl 
ISim P.20131013 (signature 0x7708f090)
Number of CPUs detected in this system: 8
Turning on mult-threading, number of parallel sub-compilation jobs: 16 
Determining compilation order of HDL files
Analyzing Verilog file "C:/Xilinx/New folder/ArithmeticLogicUnit/xor.v" into library work
Analyzing Verilog file "C:/Xilinx/New folder/ArithmeticLogicUnit/subtraction.v" into library work
Analyzing Verilog file "C:/Xilinx/New folder/ArithmeticLogicUnit/multipliction.v" into library work
Analyzing Verilog file "C:/Xilinx/New folder/ArithmeticLogicUnit/greater.v" into library work
Analyzing Verilog file "C:/Xilinx/New folder/ArithmeticLogicUnit/count1.v" into library work
Analyzing Verilog file "C:/Xilinx/New folder/ArithmeticLogicUnit/addition.v" into library work
Analyzing Verilog file "C:/Xilinx/New folder/ArithmeticLogicUnit/MB.v" into library work
Analyzing Verilog file "C:/Xilinx/New folder/ArithmeticLogicUnit/MA.v" into library work
Analyzing Verilog file "C:/Xilinx/New folder/ArithmeticLogicUnit/ALU.v" into library work
Analyzing Verilog file "C:/Xilinx/New folder/ArithmeticLogicUnit/ALUT.v" into library work
Analyzing Verilog file "C:/Xilinx/14.7/ISE_DS/ISE//verilog/src/glbl.v" into library work
Starting static elaboration
Completed static elaboration
Compiling module addition
Compiling module subtraction
Compiling module multipliction
Compiling module count1
Compiling module xorr
Compiling module greater
Compiling module MA
Compiling module MB
Compiling module ALU
Compiling module ALUT
Compiling module glbl
Time Resolution for simulation is 1ps.
Waiting for 1 sub-compilation(s) to finish...
Compiled 11 Verilog Units
Built simulation executable C:/Xilinx/New folder/ArithmeticLogicUnit/ALUT_isim_beh.exe
Fuse Memory Usage: 27820 KB
Fuse CPU Usage: 765 ms
